Start: 1718719936.383559 | Run: 0.0010039806365966797 | An error occurred: NoneStart: 2024-06-18 16:25:18.462618 | Run: 0:00:00.001435 | An error occurred: None
Start: 2024-06-18 16:25:59.142536 | Run: 0:00:00.000921 | An error occurred: None
Start: 2024-06-18 16:26:11.836705 | Run: 0:00:40.998751 | An error occurred: None
Start: 2024-06-18 16:27:48.457346 | Run: 0:00:00.001115 | An error occurred: None
Start: 2024-06-18 16:27:53.556130 | Run: 0:00:00 | An error occurred: None
Start: 2024-06-18 16:28:04.083250 | Run: 0:00:02.498739 | An error occurred: None
Start: 2024-06-18 16:30:14.836248 | Run: 0:00:00 | An error occurred: None
Start: 2024-06-18 16:30:14.836248 | Run: 0:00:00 | An error occurred: division by zero
Start: 2024-06-18 16:31:49.945212 | Run: 0:00:01.000951 | An error occurred: None
Start: 2024-06-18 16:31:49.945212 | Run: 0:00:02.003671 | An error occurred: division by zero
Start: 2024-06-18 16:33:48.300247 | Run: 0:00:01.003123 | An error occurred: None
Start: 2024-06-18 16:33:48.300247 | Run: 0:00:02.006359 | An error occurred: division by zero
Start: 2024-06-18 16:34:12.337046 | Run: 0:00:01.001690 | An error occurred: None
Start: 2024-06-18 16:34:12.337596 | Run: 0:00:02.002285 | An error occurred: division by zero
Start: 2024-06-18 16:34:25.984783 | Run: 0:00:01.002231 | An error occurred: None
Start: 2024-06-18 16:34:25.984783 | Run: 0:00:02.003775 | An error occurred: division by zero
Start: 2024-06-18 16:34:33.473790 | Run: 0:00:01.002438 | An error occurred: None
Start: 2024-06-18 16:34:33.473790 | Run: 0:00:02.004122 | An error occurred: division by zero
Start: 2024-06-18 16:34:54.366321 | Run: 0:00:01.000696 | An error occurred: None
Start: 2024-06-18 16:34:54.366321 | Run: 0:00:02.003013 | An error occurred: division by zero
Start: 2024-06-18 16:35:06.963171 | Run: 0:00:01.006564 | An error occurred: None
Start: 2024-06-18 16:35:06.963171 | Run: 0:00:02.009767 | An error occurred: division by zero
Start: 2024-06-18 16:36:01.037708 | Run: 0:00:01.002180 | An error occurred: None
Start: 2024-06-18 16:36:01.037708 | Run: 0:00:02.004837 | An error occurred: division by zero
